#
# A fatal error has been detected by the Java Runtime Environment:
#
#  EXCEPTION_ACCESS_VIOLATION (0xc0000005) at pc=0x00dd2d4a, pid=7064, tid=8064
#
# JRE version: Java(TM) SE Runtime Environment (7.0_51-b13) (build 1.7.0_51-b13)
# Java VM: Java HotSpot(TM) Client VM (24.51-b03 mixed mode, sharing windows-x86 )
# Problematic frame:
# C  [jmam.dll+0x2d4a]
#
# Failed to write core dump. Minidumps are not enabled by default on client versions of Windows
#
# If you would like to submit a bug report, please visit:
#   http://bugreport.sun.com/bugreport/crash.jsp
# The crash happened outside the Java Virtual Machine in native code.
# See problematic frame for where to report the bug.
#

---------------  T H R E A D  ---------------

Current thread (0x03dfcc00):  JavaThread "JMF thread: TimedStartThread ( startThread: com.sun.media.content.audio.mpeg.Handler@e29f36 )" [_thread_in_native, id=8064, stack(0x07e80000,0x07ed0000)]

siginfo: ExceptionCode=0xc0000005, reading address 0x00000000

Registers:
EAX=0x00000000, EBX=0x33b39308, ECX=0x00000000, EDX=0x07ecf5c4
ESP=0x07ecf5bc, EBP=0x07ecf5fc, ESI=0x33b39308, EDI=0x03dfcc00
EIP=0x00dd2d4a, EFLAGS=0x00010246

Top of Stack: (sp=0x07ecf5bc)
0x07ecf5bc:   00000000 07ecf5c4 00000001 07ecf648
0x07ecf5cc:   01cba9dd 0054fc0c 00000000 07ecf184
0x07ecf5dc:   07ecf5dc 00000000 07ecf60c 33b3a560
0x07ecf5ec:   00000000 33b39308 00000000 07ecf60c
0x07ecf5fc:   07ecf630 01cb3304 00000000 01cb88c9
0x07ecf60c:   23a9d508 07ecf610 00000013 07ecf640
0x07ecf61c:   33b3bcd8 00000000 33b3b348 07ecf60c
0x07ecf62c:   07ecf640 07ecf664 01cb3304 00000000 

Instructions: (pc=0x00dd2d4a)
0x00dd2d2a:   d2 83 c4 08 c2 08 00 8b 44 24 0c 8d 54 24 10 52
0x00dd2d3a:   50 8b 08 ff 51 24 8d 54 24 00 8b 44 24 10 52 50
0x00dd2d4a:   8b 08 ff 51 0c 8b 44 24 10 50 8b 08 ff 51 08 8b
0x00dd2d5a:   44 24 0c 50 8b 10 ff 52 08 6a 00 6a 0a 8b 44 24 


Register to memory mapping:

EAX=0x00000000 is an unknown value
EBX=0x33b39308 is an oop
{method} 
 - klass: {other class}
ECX=0x00000000 is an unknown value
EDX=0x07ecf5c4 is pointing into the stack for thread: 0x03dfcc00
ESP=0x07ecf5bc is pointing into the stack for thread: 0x03dfcc00
EBP=0x07ecf5fc is pointing into the stack for thread: 0x03dfcc00
ESI=0x33b39308 is an oop
{method} 
 - klass: {other class}
EDI=0x03dfcc00 is a thread


Stack: [0x07e80000,0x07ed0000],  sp=0x07ecf5bc,  free space=317k
Native frames: (J=compiled Java code, j=interpreted, Vv=VM code, C=native code)
C  [jmam.dll+0x2d4a]
j  com.sun.media.amovie.AMController$AMTimeBase.getMediaTime()J+19
j  com.sun.media.amovie.AMController$AMTimeBase.getNanoseconds()J+1
j  com.sun.media.TimedStartThread.getTime()J+7
j  com.sun.media.TimedActionThread.run()V+4
v  ~StubRoutines::call_stub
V  [jvm.dll+0x13f35a]
V  [jvm.dll+0x202c6e]
V  [jvm.dll+0x13f525]
V  [jvm.dll+0x13f587]
V  [jvm.dll+0xeb81f]
V  [jvm.dll+0x16059c]
V  [jvm.dll+0x160fd7]
V  [jvm.dll+0x1a4b79]
C  [msvcr100.dll+0x5c556]
C  [msvcr100.dll+0x5c600]
C  [kernel32.dll+0x4ee1c]
C  [ntdll.dll+0x637eb]
C  [ntdll.dll+0x637be]

Java frames: (J=compiled Java code, j=interpreted, Vv=VM code)
j  com.sun.media.amovie.ActiveMovie.getTime()J+0
j  com.sun.media.amovie.AMController$AMTimeBase.getMediaTime()J+19
j  com.sun.media.amovie.AMController$AMTimeBase.getNanoseconds()J+1
j  com.sun.media.TimedStartThread.getTime()J+7
j  com.sun.media.TimedActionThread.run()V+4
v  ~StubRoutines::call_stub

---------------  P R O C E S S  ---------------

Java Threads: ( => current thread )
=>0x03dfcc00 JavaThread "JMF thread: TimedStartThread ( startThread: com.sun.media.content.audio.mpeg.Handler@e29f36 )" [_thread_in_native, id=8064, stack(0x07e80000,0x07ed0000)]
  0x03dfec00 JavaThread "JMF AMController Event Thread: Loop thread" [_thread_blocked, id=8180, stack(0x04b30000,0x04b80000)]
  0x03e00000 JavaThread "Image Fetcher 1" daemon [_thread_blocked, id=5688, stack(0x072e0000,0x07330000)]
  0x03dff400 JavaThread "Image Fetcher 0" daemon [_thread_blocked, id=7620, stack(0x07450000,0x074a0000)]
  0x03dfd400 JavaThread "Loop thread" [_thread_blocked, id=5336, stack(0x07c70000,0x07cc0000)]
  0x03dfe000 JavaThread "Loop thread" [_thread_blocked, id=7976, stack(0x073a0000,0x073f0000)]
  0x03dfd800 JavaThread "DestroyJavaVM" [_thread_blocked, id=5620, stack(0x005a0000,0x005f0000)]
  0x03df6800 JavaThread "JMF thread: SendEventQueue: com.sun.media.amovie.AMController" [_thread_blocked, id=2368, stack(0x03ff0000,0x04040000)]
  0x03df6000 JavaThread "JMF thread: SendEventQueue: com.sun.media.content.audio.mpeg.Handler" [_thread_blocked, id=7508, stack(0x04cd0000,0x04d20000)]
  0x03decc00 JavaThread "JMF thread: SendEventQueue: com.sun.media.amovie.AMController" [_thread_blocked, id=7704, stack(0x04ae0000,0x04b30000)]
  0x03ddb800 JavaThread "JMF thread: SendEventQueue: com.sun.media.content.audio.mpeg.Handler" [_thread_blocked, id=6500, stack(0x04220000,0x04270000)]
  0x03d8d400 JavaThread "AWT-Windows" daemon [_thread_in_native, id=4436, stack(0x04040000,0x04090000)]
  0x03d28400 JavaThread "Java2D Disposer" daemon [_thread_blocked, id=7168, stack(0x03fa0000,0x03ff0000)]
  0x00a2c800 JavaThread "Service Thread" daemon [_thread_blocked, id=6564, stack(0x00f90000,0x00fe0000)]
  0x00a19c00 JavaThread "C1 CompilerThread0" daemon [_thread_blocked, id=6580, stack(0x01020000,0x01070000)]
  0x00a18800 JavaThread "Attach Listener" daemon [_thread_blocked, id=4204, stack(0x03cb0000,0x03d00000)]
  0x00a15800 JavaThread "Signal Dispatcher" daemon [_thread_blocked, id=1828, stack(0x00ef0000,0x00f40000)]
  0x009af000 JavaThread "Finalizer" daemon [_thread_blocked, id=5676, stack(0x00ea0000,0x00ef0000)]
  0x009ad800 JavaThread "Reference Handler" daemon [_thread_blocked, id=7256, stack(0x00d20000,0x00d70000)]

Other Threads:
  0x009ac000 VMThread [stack: 0x00e00000,0x00e50000] [id=5792]
  0x00a2e000 WatcherThread [stack: 0x005f0000,0x00640000] [id=6548]

VM state:not at safepoint (normal execution)

VM Mutex/Monitor currently owned by a thread: None

Heap
 def new generation   total 5056K, used 125K [0x23a40000, 0x23fb0000, 0x28f90000)
  eden space 4544K,   2% used [0x23a40000, 0x23a5f600, 0x23eb0000)
  from space 512K,   0% used [0x23eb0000, 0x23eb0000, 0x23f30000)
  to   space 512K,   0% used [0x23f30000, 0x23f30000, 0x23fb0000)
 tenured generation   total 10944K, used 1942K [0x28f90000, 0x29a40000, 0x33a40000)
   the space 10944K,  17% used [0x28f90000, 0x29175960, 0x29175a00, 0x29a40000)
 compacting perm gen  total 12288K, used 1148K [0x33a40000, 0x34640000, 0x37a40000)
   the space 12288K,   9% used [0x33a40000, 0x33b5f118, 0x33b5f200, 0x34640000)
    ro space 10240K,  44% used [0x37a40000, 0x37eb7e30, 0x37eb8000, 0x38440000)
    rw space 12288K,  52% used [0x38440000, 0x38a8eb58, 0x38a8ec00, 0x39040000)

Card table byte_map: [0x00a70000,0x00b20000] byte_map_base: 0x00952e00

Polling page: 0x001d0000

Code Cache  [0x01cb0000, 0x01d88000, 0x03cb0000)
 total_blobs=319 nmethods=115 adapters=141 free_code_cache=31923Kb largest_free_block=32689920

Compilation events (10 events):
Event: 1.146 Thread 0x00a19c00  111             sun.java2d.StateTrackableDelegate::markDirty (6 bytes)
Event: 1.146 Thread 0x00a19c00 nmethod 111 0x01d81e88 code [0x01d81f80, 0x01d82010]
Event: 1.150 Thread 0x00a19c00  112             sun.awt.image.ImageDecoder::setPixels (58 bytes)
Event: 1.151 Thread 0x00a19c00 nmethod 112 0x01d82048 code [0x01d82170, 0x01d82494]
Event: 1.151 Thread 0x00a19c00  113             sun.awt.image.ByteArrayImageSource::checkSecurity (2 bytes)
Event: 1.151 Thread 0x00a19c00 nmethod 113 0x01d82748 code [0x01d82840, 0x01d828c0]
Event: 2.031 Thread 0x00a19c00  114             java.util.zip.ZStreamRef::address (5 bytes)
Event: 2.031 Thread 0x00a19c00 nmethod 114 0x01d82bc8 code [0x01d82cc0, 0x01d82d40]
Event: 2.034 Thread 0x00a19c00  115  s          java.lang.StringBuffer::append (8 bytes)
Event: 2.034 Thread 0x00a19c00 nmethod 115 0x01d82d88 code [0x01d82e90, 0x01d8306c]

GC Heap History (2 events):
Event: 0.616 GC heap before
{Heap before GC invocations=0 (full 0):
 def new generation   total 4928K, used 4416K [0x23a40000, 0x23f90000, 0x28f90000)
  eden space 4416K, 100% used [0x23a40000, 0x23e90000, 0x23e90000)
  from space 512K,   0% used [0x23e90000, 0x23e90000, 0x23f10000)
  to   space 512K,   0% used [0x23f10000, 0x23f10000, 0x23f90000)
 tenured generation   total 10944K, used 0K [0x28f90000, 0x29a40000, 0x33a40000)
   the space 10944K,   0% used [0x28f90000, 0x28f90000, 0x28f90200, 0x29a40000)
 compacting perm gen  total 12288K, used 989K [0x33a40000, 0x34640000, 0x37a40000)
   the space 12288K,   8% used [0x33a40000, 0x33b37740, 0x33b37800, 0x34640000)
    ro space 10240K,  44% used [0x37a40000, 0x37eb7e30, 0x37eb8000, 0x38440000)
    rw space 12288K,  52% used [0x38440000, 0x38a8eb58, 0x38a8ec00, 0x39040000)
Event: 0.623 GC heap after
Heap after GC invocations=1 (full 0):
 def new generation   total 4928K, used 512K [0x23a40000, 0x23f90000, 0x28f90000)
  eden space 4416K,   0% used [0x23a40000, 0x23a40000, 0x23e90000)
  from space 512K, 100% used [0x23f10000, 0x23f90000, 0x23f90000)
  to   space 512K,   0% used [0x23e90000, 0x23e90000, 0x23f10000)
 tenured generation   total 10944K, used 888K [0x28f90000, 0x29a40000, 0x33a40000)
   the space 10944K,   8% used [0x28f90000, 0x2906e130, 0x2906e200, 0x29a40000)
 compacting perm gen  total 12288K, used 989K [0x33a40000, 0x34640000, 0x37a40000)
   the space 12288K,   8% used [0x33a40000, 0x33b37740, 0x33b37800, 0x34640000)
    ro space 10240K,  44% used [0x37a40000, 0x37eb7e30, 0x37eb8000, 0x38440000)
    rw space 12288K,  52% used [0x38440000, 0x38a8eb58, 0x38a8ec00, 0x39040000)
}

Deoptimization events (0 events):
No events

Internal exceptions (10 events):
Event: 0.628 Thread 0x0064b800 Threw 0x23a4bfa0 at C:\re\jdk7u51\527\hotspot\src\share\vm\prims\jvm.cpp:1244
Event: 0.628 Thread 0x0064b800 Threw 0x23a4cab0 at C:\re\jdk7u51\527\hotspot\src\share\vm\prims\jvm.cpp:1244
Event: 0.628 Thread 0x0064b800 Threw 0x23a4cbc8 at C:\re\jdk7u51\527\hotspot\src\share\vm\runtime\reflection.cpp:1030
Event: 0.628 Thread 0x0064b800 Threw 0x23a4d3c8 at C:\re\jdk7u51\527\hotspot\src\share\vm\prims\jvm.cpp:1244
Event: 0.628 Thread 0x0064b800 Threw 0x23a4db50 at C:\re\jdk7u51\527\hotspot\src\share\vm\prims\jvm.cpp:1244
Event: 0.628 Thread 0x0064b800 Threw 0x23a4e710 at C:\re\jdk7u51\527\hotspot\src\share\vm\prims\jvm.cpp:1244
Event: 0.628 Thread 0x0064b800 Threw 0x23a4e828 at C:\re\jdk7u51\527\hotspot\src\share\vm\runtime\reflection.cpp:1030
Event: 0.629 Thread 0x0064b800 Threw 0x23a517f8 at C:\re\jdk7u51\527\hotspot\src\share\vm\prims\jvm.cpp:1244
Event: 0.629 Thread 0x0064b800 Threw 0x23a523b8 at C:\re\jdk7u51\527\hotspot\src\share\vm\prims\jvm.cpp:1244
Event: 0.629 Thread 0x0064b800 Threw 0x23a524d0 at C:\re\jdk7u51\527\hotspot\src\share\vm\runtime\reflection.cpp:1030

Events (10 events):
Event: 2.187 loading class 0x3907a7e8 done
Event: 2.187 loading class 0x3907a7b0
Event: 2.187 loading class 0x3907a7b0 done
Event: 2.188 Thread 0x03d28c00 Thread exited: 0x03d28c00
Event: 2.188 Thread 0x03dfe800 Thread exited: 0x03dfe800
Event: 2.286 Thread 0x03dfcc00 Thread exited: 0x03dfcc00
Event: 2.286 Thread 0x03dfe800 Thread added: 0x03dfe800
Event: 2.286 Thread 0x03dfcc00 Thread added: 0x03dfcc00
Event: 2.286 Thread 0x03e00c00 Thread exited: 0x03e00c00
Event: 2.287 Thread 0x03dfe800 Thread exited: 0x03dfe800


Dynamic libraries:
0x01080000 - 0x010af000 	C:\Program Files\Java\jdk1.7.0_51\bin\javaw.exe
0x77320000 - 0x7745c000 	C:\Windows\SYSTEM32\ntdll.dll
0x762e0000 - 0x763b4000 	C:\Windows\system32\kernel32.dll
0x755d0000 - 0x7561b000 	C:\Windows\system32\KERNELBASE.dll
0x76930000 - 0x769d0000 	C:\Windows\system32\ADVAPI32.dll
0x774a0000 - 0x7754c000 	C:\Windows\system32\msvcrt.dll
0x76450000 - 0x76469000 	C:\Windows\SYSTEM32\sechost.dll
0x76a60000 - 0x76b02000 	C:\Windows\system32\RPCRT4.dll
0x76e30000 - 0x76ef9000 	C:\Windows\system32\USER32.dll
0x76fb0000 - 0x76ffe000 	C:\Windows\system32\GDI32.dll
0x77470000 - 0x7747a000 	C:\Windows\system32\LPK.dll
0x76670000 - 0x7670d000 	C:\Windows\system32\USP10.dll
0x74230000 - 0x743ce000 	C:\Windows\WinSxS\x86_microsoft.windows.common-controls_6595b64144ccf1df_6.0.7601.17514_none_41e6975e2bd6f2b2\COMCTL32.dll
0x76a00000 - 0x76a57000 	C:\Windows\system32\SHLWAPI.dll
0x76610000 - 0x7662f000 	C:\Windows\system32\IMM32.DLL
0x76ce0000 - 0x76dac000 	C:\Windows\system32\MSCTF.dll
0x75300000 - 0x75329000 	C:\Windows\system32\nvinit.dll
0x70ca0000 - 0x70d5f000 	C:\Program Files\Java\jdk1.7.0_51\jre\bin\msvcr100.dll
0x69950000 - 0x69cd0000 	C:\Program Files\Java\jdk1.7.0_51\jre\bin\client\jvm.dll
0x73a50000 - 0x73a57000 	C:\Windows\system32\WSOCK32.dll
0x76630000 - 0x76665000 	C:\Windows\system32\WS2_32.dll
0x77480000 - 0x77486000 	C:\Windows\system32\NSI.dll
0x72410000 - 0x72442000 	C:\Windows\system32\WINMM.dll
0x77460000 - 0x77465000 	C:\Windows\system32\PSAPI.DLL
0x71430000 - 0x7143c000 	C:\Program Files\Java\jdk1.7.0_51\jre\bin\verify.dll
0x70c80000 - 0x70ca0000 	C:\Program Files\Java\jdk1.7.0_51\jre\bin\java.dll
0x70230000 - 0x70243000 	C:\Program Files\Java\jdk1.7.0_51\jre\bin\zip.dll
0x5a2e0000 - 0x5a423000 	C:\Program Files\Java\jdk1.7.0_51\jre\bin\awt.dll
0x763c0000 - 0x7644f000 	C:\Windows\system32\OLEAUT32.dll
0x77000000 - 0x7715c000 	C:\Windows\system32\ole32.dll
0x73fe0000 - 0x74020000 	C:\Windows\system32\uxtheme.dll
0x6d310000 - 0x6d37e000 	D:\Program Files\QvodPlayer\QvodWebBase\1.0.0.47\QvodWebBase.dll
0x75690000 - 0x762da000 	C:\Windows\system32\SHELL32.dll
0x76b10000 - 0x76cd4000 	C:\Windows\system32\WININET.dll
0x755c0000 - 0x755c4000 	C:\Windows\system32\api-ms-win-downlevel-user32-l1-1-0.dll
0x75640000 - 0x75644000 	C:\Windows\system32\api-ms-win-downlevel-shlwapi-l1-1-0.dll
0x755b0000 - 0x755b4000 	C:\Windows\system32\api-ms-win-downlevel-version-l1-1-0.dll
0x74870000 - 0x74879000 	C:\Windows\system32\version.DLL
0x75620000 - 0x75623000 	C:\Windows\system32\api-ms-win-downlevel-normaliz-l1-1-0.dll
0x77490000 - 0x77493000 	C:\Windows\system32\normaliz.DLL
0x76710000 - 0x76927000 	C:\Windows\system32\iertutil.dll
0x75650000 - 0x75655000 	C:\Windows\system32\api-ms-win-downlevel-advapi32-l1-1-0.dll
0x77160000 - 0x77284000 	C:\Windows\system32\urlmon.dll
0x75630000 - 0x75634000 	C:\Windows\system32\api-ms-win-downlevel-ole32-l1-1-0.dll
0x10000000 - 0x10075000 	e:\安全软件\duba\kingsoft antivirus\kwsui.dll
0x748f0000 - 0x748fd000 	C:\Windows\system32\WTSAPI32.dll
0x045d0000 - 0x04723000 	c:\program files\kingsoft\ksafe\ksfmon.dll
0x00d70000 - 0x00dca000 	D:\Program Files\kingsoft\kwifi\kwassist.dll
0x73e50000 - 0x73fe0000 	C:\Windows\WinSxS\x86_microsoft.windows.gdiplus_6595b64144ccf1df_1.1.7601.18120_none_72d2e82386681b36\gdiplus.dll
0x73ca0000 - 0x73cb3000 	C:\Windows\system32\dwmapi.dll
0x75280000 - 0x7528c000 	C:\Windows\system32\CRYPTBASE.dll
0x6a6f0000 - 0x6a6fe000 	D:\Users\wyc\AppData\Local\Youdao\Dict\6.1.51.3219\WordStrokeHelper32.dll
0x03f00000 - 0x03f5f000 	e:\安全软件\duba\kingsoft antivirus\lblocker.dll
0x00b40000 - 0x00b55000 	C:\Windows\System32\jmutil.dll
0x701c0000 - 0x701d4000 	C:\Program Files\Java\jdk1.7.0_51\jre\bin\net.dll
0x74d30000 - 0x74d6c000 	C:\Windows\system32\mswsock.dll
0x74d20000 - 0x74d26000 	C:\Windows\System32\wship6.dll
0x70c50000 - 0x70c5f000 	C:\Program Files\Java\jdk1.7.0_51\jre\bin\nio.dll
0x00dd0000 - 0x00ddd000 	C:\Windows\System32\jmam.dll
0x77290000 - 0x77313000 	C:\Windows\system32\CLBCatQ.DLL
0x59d60000 - 0x59ed7000 	C:\Windows\system32\quartz.dll
0x691b0000 - 0x691c4000 	C:\Windows\system32\devenum.dll
0x63170000 - 0x631b2000 	C:\Windows\system32\DShowRdpFilter.dll
0x74ea0000 - 0x74ec9000 	C:\Windows\system32\WINSTA.dll
0x73950000 - 0x7395a000 	C:\Windows\system32\slc.dll
0x59c20000 - 0x59d56000 	D:\Program Files\新建文件夹\iQIYI\VSFilter.dll
0x76db0000 - 0x76e2b000 	C:\Windows\system32\COMDLG32.dll
0x70680000 - 0x706d1000 	C:\Windows\system32\WINSPOOL.DRV
0x626e0000 - 0x62764000 	C:\Users\wyc\新建文件夹\KKcapture\AviSplitter.ax
0x72d00000 - 0x72d3c000 	C:\Windows\system32\OLEACC.dll
0x5be90000 - 0x5bf0b000 	D:\Program Files\FreeTime\FormatFactory\FFModules\Filters\FLVSplitter.ax
0x5bde0000 - 0x5be88000 	D:\Program Files\FreeTime\FormatFactory\FFModules\Filters\MP4Splitter.ax
0x59b80000 - 0x59c16000 	D:\Program Files\FreeTime\FormatFactory\FFModules\Filters\MatroskaSplitter.ax
0x58e90000 - 0x5927d000 	D:\Program Files\FreeTime\FormatFactory\FFModules\Filters\ffdshow\ffdshow.ax
0x626b0000 - 0x626d5000 	C:\Windows\system32\DINPUT.dll
0x6f5d0000 - 0x6f793000 	C:\Windows\system32\d3d9.dll
0x6f5c0000 - 0x6f5c6000 	C:\Windows\system32\d3d8thk.dll
0x75210000 - 0x7522b000 	C:\Windows\system32\SspiCli.dll
0x05b50000 - 0x06413000 	D:\Program Files\FreeTime\FormatFactory\FFModules\Filters\ffdshow\ffmpeg.dll
0x7eb90000 - 0x7ebb3000 	C:\Windows\system32\l3codecx.ax
0x701b0000 - 0x701bb000 	C:\Windows\system32\msdmo.dll
0x625f0000 - 0x62625000 	C:\Windows\system32\qasf.dll
0x68800000 - 0x68817000 	C:\Windows\System32\mp3dmod.dll
0x59a80000 - 0x59ad9000 	C:\Windows\system32\mfplat.DLL
0x744d0000 - 0x744d7000 	C:\Windows\system32\AVRT.dll
0x70160000 - 0x70174000 	C:\Windows\system32\MSACM32.DLL
0x68640000 - 0x68652000 	C:\Windows\System32\l3codeca.acm
0x59980000 - 0x59a71000 	C:\Windows\System32\msmpeg2adec.dll
0x598b0000 - 0x59977000 	D:\Program Files\FreeTime\FormatFactory\FFModules\Filters\ac3filter.ax
0x74020000 - 0x74059000 	C:\Windows\system32\MMDevAPI.DLL
0x74110000 - 0x74205000 	C:\Windows\system32\PROPSYS.dll
0x70180000 - 0x701b0000 	C:\Windows\system32\wdmaud.drv
0x70c30000 - 0x70c34000 	C:\Windows\system32\ksuser.dll
0x76470000 - 0x7660d000 	C:\Windows\system32\SETUPAPI.dll
0x75660000 - 0x75687000 	C:\Windows\system32\CFGMGR32.dll
0x753b0000 - 0x753c2000 	C:\Windows\system32\DEVOBJ.dll
0x6ce80000 - 0x6ceb6000 	C:\Windows\system32\AUDIOSES.DLL
0x70c20000 - 0x70c28000 	C:\Windows\system32\msacm32.drv
0x70150000 - 0x70157000 	C:\Windows\system32\midimap.dll
0x713b0000 - 0x71422000 	C:\Windows\system32\DSOUND.DLL
0x74060000 - 0x74085000 	C:\Windows\system32\POWRPROF.dll
0x6a220000 - 0x6a30b000 	C:\Windows\system32\dbghelp.dll

VM Arguments:
jvm_args: -Dfile.encoding=GBK 
java_command: src.org.game.frame.PlayMusic
Launcher Type: SUN_STANDARD

Environment Variables:
JAVA_HOME=C:\Program Files\Java\jdk1.7.0_51
CLASSPATH=.;.;C:\PROGRA~1\JMF21~1.1E\lib\sound.jar;C:\PROGRA~1\JMF21~1.1E\lib\jmf.jar;C:\PROGRA~1\JMF21~1.1E\lib;
PATH=C:\Program Files\Java\jdk1.7.0_51\bin;C:\Program Files\JMF2.1.1e\bin;C:\MinGW\bin;.;;.;;.;
USERNAME=wyc
OS=Windows_NT
PROCESSOR_IDENTIFIER=x86 Family 6 Model 58 Stepping 9, GenuineIntel



---------------  S Y S T E M  ---------------

OS: Windows 7 Build 7601 Service Pack 1

CPU:total 4 (2 cores per cpu, 2 threads per core) family 6 model 58 stepping 9, cmov, cx8, fxsr, mmx, sse, sse2, sse3, ssse3, sse4.1, sse4.2, popcnt, avx, aes, erms, ht, tsc, tscinvbit, tscinv

Memory: 4k page, physical 3302300k(827488k free), swap 6602848k(3057020k free)

vm_info: Java HotSpot(TM) Client VM (24.51-b03) for windows-x86 JRE (1.7.0_51-b13), built on Dec 18 2013 19:09:58 by "java_re" with unknown MS VC++:1600

time: Fri May 23 10:09:35 2014
elapsed time: 2 seconds

