#
# A fatal error has been detected by the Java Runtime Environment:
#
#  EXCEPTION_ACCESS_VIOLATION (0xc0000005) at pc=0x00ea2d4a, pid=7448, tid=1956
#
# JRE version: Java(TM) SE Runtime Environment (7.0_51-b13) (build 1.7.0_51-b13)
# Java VM: Java HotSpot(TM) Client VM (24.51-b03 mixed mode, sharing windows-x86 )
# Problematic frame:
# C  [jmam.dll+0x2d4a]
#
# Failed to write core dump. Minidumps are not enabled by default on client versions of Windows
#
# If you would like to submit a bug report, please visit:
#   http://bugreport.sun.com/bugreport/crash.jsp
# The crash happened outside the Java Virtual Machine in native code.
# See problematic frame for where to report the bug.
#

---------------  T H R E A D  ---------------

Current thread (0x00a20800):  JavaThread "JMF thread (PlayThread)" [_thread_in_native, id=1956, stack(0x0a770000,0x0a7c0000)]

siginfo: ExceptionCode=0xc0000005, reading address 0x00000000

Registers:
EAX=0x00000000, EBX=0x33bcce78, ECX=0x00000000, EDX=0x0a7bf244
ESP=0x0a7bf23c, EBP=0x0a7bf27c, ESI=0x33bcce78, EDI=0x00a20800
EIP=0x00ea2d4a, EFLAGS=0x00010246

Top of Stack: (sp=0x0a7bf23c)
0x0a7bf23c:   00000000 0a7bf244 0a7bf2d8 0a7bf238
0x0a7bf24c:   01cba9dd 04d9479c 00000000 465bfe5b
0x0a7bf25c:   0a7bf25c 00000000 0a7bf28c 33bce4a8
0x0a7bf26c:   00000000 33bcce78 00000000 0a7bf28c
0x0a7bf27c:   0a7bf2b0 01cb3304 00000000 01cb88c9
0x0a7bf28c:   2eb66248 0a7bf290 00000013 0a7bf2c0
0x0a7bf29c:   33c1ab40 00000000 33c1a1b0 0a7bf28c
0x0a7bf2ac:   0a7bf2c0 0a7bf2e4 01cb3304 00000000 

Instructions: (pc=0x00ea2d4a)
0x00ea2d2a:   d2 83 c4 08 c2 08 00 8b 44 24 0c 8d 54 24 10 52
0x00ea2d3a:   50 8b 08 ff 51 24 8d 54 24 00 8b 44 24 10 52 50
0x00ea2d4a:   8b 08 ff 51 0c 8b 44 24 10 50 8b 08 ff 51 08 8b
0x00ea2d5a:   44 24 0c 50 8b 10 ff 52 08 6a 00 6a 0a 8b 44 24 


Register to memory mapping:

EAX=0x00000000 is an unknown value
EBX=0x33bcce78 is an oop
{method} 
 - klass: {other class}
ECX=0x00000000 is an unknown value
EDX=0x0a7bf244 is pointing into the stack for thread: 0x00a20800
ESP=0x0a7bf23c is pointing into the stack for thread: 0x00a20800
EBP=0x0a7bf27c is pointing into the stack for thread: 0x00a20800
ESI=0x33bcce78 is an oop
{method} 
 - klass: {other class}
EDI=0x00a20800 is a thread


Stack: [0x0a770000,0x0a7c0000],  sp=0x0a7bf23c,  free space=316k
Native frames: (J=compiled Java code, j=interpreted, Vv=VM code, C=native code)
C  [jmam.dll+0x2d4a]
j  com.sun.media.amovie.AMController$AMTimeBase.getMediaTime()J+19
j  com.sun.media.amovie.AMController$AMTimeBase.getNanoseconds()J+1
j  com.sun.media.BasicClock.syncStart(Ljavax/media/Time;)V+25
j  com.sun.media.BasicController.syncStart(Ljavax/media/Time;)V+29
j  com.sun.media.BasicPlayer.syncStart(Ljavax/media/Time;)V+156
j  com.sun.media.BasicPlayer.play()V+150
j  com.sun.media.PlayThread.run()V+4
v  ~StubRoutines::call_stub
V  [jvm.dll+0x13f35a]
V  [jvm.dll+0x202c6e]
V  [jvm.dll+0x13f525]
V  [jvm.dll+0x13f587]
V  [jvm.dll+0xeb81f]
V  [jvm.dll+0x16059c]
V  [jvm.dll+0x160fd7]
V  [jvm.dll+0x1a4b79]
C  [msvcr100.dll+0x5c556]
C  [msvcr100.dll+0x5c600]
C  [kernel32.dll+0x4ee1c]
C  [ntdll.dll+0x637eb]
C  [ntdll.dll+0x637be]

Java frames: (J=compiled Java code, j=interpreted, Vv=VM code)
j  com.sun.media.amovie.ActiveMovie.getTime()J+0
j  com.sun.media.amovie.AMController$AMTimeBase.getMediaTime()J+19
j  com.sun.media.amovie.AMController$AMTimeBase.getNanoseconds()J+1
j  com.sun.media.BasicClock.syncStart(Ljavax/media/Time;)V+25
j  com.sun.media.BasicController.syncStart(Ljavax/media/Time;)V+29
j  com.sun.media.BasicPlayer.syncStart(Ljavax/media/Time;)V+156
j  com.sun.media.BasicPlayer.play()V+150
j  com.sun.media.PlayThread.run()V+4
v  ~StubRoutines::call_stub

---------------  P R O C E S S  ---------------

Java Threads: ( => current thread )
  0x00a1fc00 JavaThread "JMF thread: TimedStartThread ( startThread: com.sun.media.amovie.AMController@13d99c )" [_thread_in_native, id=3452, stack(0x09970000,0x099c0000)]
=>0x00a20800 JavaThread "JMF thread (PlayThread)" [_thread_in_native, id=1956, stack(0x0a770000,0x0a7c0000)]
  0x00a20000 JavaThread "JMF AMController Event Thread: Loop thread" [_thread_blocked, id=6496, stack(0x09df0000,0x09e40000)]
  0x00a1f000 JavaThread "Loop thread" [_thread_blocked, id=7736, stack(0x05740000,0x05790000)]
  0x03f55800 JavaThread "JMF thread: SendEventQueue: com.sun.media.amovie.AMController" [_thread_blocked, id=8156, stack(0x09cd0000,0x09d20000)]
  0x03f55000 JavaThread "JMF thread: SendEventQueue: com.sun.media.content.audio.mpeg.Handler" [_thread_blocked, id=1472, stack(0x09c60000,0x09cb0000)]
  0x03f57000 JavaThread "JMF AMController Event Thread: Loop thread" [_thread_blocked, id=8064, stack(0x06080000,0x060d0000)]
  0x03f56c00 JavaThread "Image Fetcher 3" daemon [_thread_blocked, id=6700, stack(0x09570000,0x095c0000)]
  0x03f57c00 JavaThread "Loop thread" [_thread_blocked, id=2368, stack(0x05c50000,0x05ca0000)]
  0x03f54000 JavaThread "JMF thread: SendEventQueue: com.sun.media.amovie.AMController" [_thread_blocked, id=5528, stack(0x09200000,0x09250000)]
  0x03f50800 JavaThread "JMF thread: SendEventQueue: com.sun.media.content.audio.mpeg.Handler" [_thread_blocked, id=5304, stack(0x08690000,0x086e0000)]
  0x00a1f400 JavaThread "JMF AMController Event Thread: Loop thread" [_thread_blocked, id=4296, stack(0x099f0000,0x09a40000)]
  0x03f57800 JavaThread "Loop thread" [_thread_blocked, id=7852, stack(0x05b00000,0x05b50000)]
  0x03f54400 JavaThread "Image Fetcher 2" daemon [_thread_blocked, id=7964, stack(0x094f0000,0x09540000)]
  0x03f56000 JavaThread "Image Fetcher 1" daemon [_thread_blocked, id=4632, stack(0x085f0000,0x08640000)]
  0x03f54c00 JavaThread "Image Fetcher 0" daemon [_thread_blocked, id=6972, stack(0x08b00000,0x08b50000)]
  0x03f52400 JavaThread "JMF AMController Event Thread: Loop thread" [_thread_blocked, id=7500, stack(0x08a20000,0x08a70000)]
  0x03f52c00 JavaThread "Loop thread" [_thread_blocked, id=664, stack(0x07dc0000,0x07e10000)]
  0x03f53800 JavaThread "DestroyJavaVM" [_thread_blocked, id=1232, stack(0x00a80000,0x00ad0000)]
  0x03f52000 JavaThread "JMF thread: SendEventQueue: com.sun.media.amovie.AMController" [_thread_blocked, id=8176, stack(0x05b50000,0x05ba0000)]
  0x03f51800 JavaThread "JMF thread: SendEventQueue: com.sun.media.content.audio.mpeg.Handler" [_thread_blocked, id=7696, stack(0x05a50000,0x05aa0000)]
  0x03f51400 JavaThread "AWT-EventQueue-0" [_thread_blocked, id=7556, stack(0x044c0000,0x04510000)]
  0x03f50c00 JavaThread "AWT-Shutdown" [_thread_blocked, id=4324, stack(0x05840000,0x05890000)]
  0x03e5c800 JavaThread "AWT-Windows" daemon [_thread_in_native, id=7620, stack(0x04170000,0x041c0000)]
  0x03e18800 JavaThread "Java2D Disposer" daemon [_thread_blocked, id=3416, stack(0x04050000,0x040a0000)]
  0x00a2c400 JavaThread "Service Thread" daemon [_thread_blocked, id=4556, stack(0x00ee0000,0x00f30000)]
  0x00a19c00 JavaThread "C1 CompilerThread0" daemon [_thread_blocked, id=7988, stack(0x01020000,0x01070000)]
  0x00a18800 JavaThread "Attach Listener" daemon [_thread_blocked, id=4436, stack(0x00fa0000,0x00ff0000)]
  0x00a15c00 JavaThread "Signal Dispatcher" daemon [_thread_blocked, id=6328, stack(0x00d50000,0x00da0000)]
  0x009b2800 JavaThread "Finalizer" daemon [_thread_blocked, id=1584, stack(0x00c60000,0x00cb0000)]
  0x009ad800 JavaThread "Reference Handler" daemon [_thread_blocked, id=6456, stack(0x00d00000,0x00d50000)]

Other Threads:
  0x009ab800 VMThread [stack: 0x00dd0000,0x00e20000] [id=6500]
  0x00a2ec00 WatcherThread [stack: 0x03d80000,0x03dd0000] [id=6180]

VM state:not at safepoint (normal execution)

VM Mutex/Monitor currently owned by a thread: None

Heap
 def new generation   total 75136K, used 688K [0x23a40000, 0x28bc0000, 0x28f90000)
  eden space 66816K,   1% used [0x23a40000, 0x23aec2b8, 0x27b80000)
  from space 8320K,   0% used [0x27b80000, 0x27b80000, 0x283a0000)
  to   space 8320K,   0% used [0x283a0000, 0x283a0000, 0x28bc0000)
 tenured generation   total 166672K, used 100003K [0x28f90000, 0x33254000, 0x33a40000)
   the space 166672K,  59% used [0x28f90000, 0x2f138c90, 0x2f138e00, 0x33254000)
 compacting perm gen  total 12288K, used 2023K [0x33a40000, 0x34640000, 0x37a40000)
   the space 12288K,  16% used [0x33a40000, 0x33c39ec0, 0x33c3a000, 0x34640000)
    ro space 10240K,  44% used [0x37a40000, 0x37eb7e30, 0x37eb8000, 0x38440000)
    rw space 12288K,  52% used [0x38440000, 0x38a8eb58, 0x38a8ec00, 0x39040000)

Card table byte_map: [0x00b10000,0x00bc0000] byte_map_base: 0x009f2e00

Polling page: 0x00090000

Code Cache  [0x01cb0000, 0x01e18000, 0x03cb0000)
 total_blobs=741 nmethods=506 adapters=172 free_code_cache=31340Kb largest_free_block=32092416

Compilation events (10 events):
Event: 11.779 Thread 0x00a19c00  506             java.util.concurrent.locks.AbstractQueuedSynchronizer$ConditionObject::addConditionWaiter (64 bytes)
Event: 11.779 Thread 0x00a19c00 nmethod 506 0x01e13948 code [0x01e13a50, 0x01e13bdc]
Event: 11.779 Thread 0x00a19c00  507             java.util.concurrent.locks.AbstractQueuedSynchronizer$Node::<init> (15 bytes)
Event: 11.779 Thread 0x00a19c00 nmethod 507 0x01e13cc8 code [0x01e13dc0, 0x01e13e60]
Event: 11.779 Thread 0x00a19c00  508   !         java.util.concurrent.locks.AbstractQueuedSynchronizer::fullyRelease (54 bytes)
Event: 11.780 Thread 0x00a19c00 nmethod 508 0x01e13ec8 code [0x01e13ff0, 0x01e141c4]
Event: 11.785 Thread 0x00a19c00  509             java.util.concurrent.locks.AbstractQueuedSynchronizer$ConditionObject::doSignalAll (36 bytes)
Event: 11.785 Thread 0x00a19c00 nmethod 509 0x01e143c8 code [0x01e144d0, 0x01e145cc]
Event: 11.785 Thread 0x00a19c00  510             java.util.concurrent.locks.AbstractQueuedSynchronizer::transferForSignal (45 bytes)
Event: 11.786 Thread 0x00a19c00 nmethod 510 0x01e146c8 code [0x01e147e0, 0x01e14918]

GC Heap History (10 events):
Event: 3.479 GC heap before
{Heap before GC invocations=13 (full 3):
 def new generation   total 31616K, used 26255K [0x23a40000, 0x25c80000, 0x28f90000)
  eden space 28160K,  93% used [0x23a40000, 0x253e3c30, 0x255c0000)
  from space 3456K,   0% used [0x255c0000, 0x255c0000, 0x25920000)
  to   space 3456K,   0% used [0x25920000, 0x25920000, 0x25c80000)
 tenured generation   total 70032K, used 42017K [0x28f90000, 0x2d3f4000, 0x33a40000)
   the space 70032K,  59% used [0x28f90000, 0x2b898778, 0x2b898800, 0x2d3f4000)
 compacting perm gen  total 12288K, used 924K [0x33a40000, 0x34640000, 0x37a40000)
   the space 12288K,   7% used [0x33a40000, 0x33b271d0, 0x33b27200, 0x34640000)
    ro space 10240K,  44% used [0x37a40000, 0x37eb7e30, 0x37eb8000, 0x38440000)
    rw space 12288K,  52% used [0x38440000, 0x38a8eb58, 0x38a8ec00, 0x39040000)
Event: 3.489 GC heap after
Heap after GC invocations=14 (full 3):
 def new generation   total 31616K, used 2182K [0x23a40000, 0x25c80000, 0x28f90000)
  eden space 28160K,   0% used [0x23a40000, 0x23a40000, 0x255c0000)
  from space 3456K,  63% used [0x25920000, 0x25b41918, 0x25c80000)
  to   space 3456K,   0% used [0x255c0000, 0x255c0000, 0x25920000)
 tenured generation   total 70032K, used 52831K [0x28f90000, 0x2d3f4000, 0x33a40000)
   the space 70032K,  75% used [0x28f90000, 0x2c327e78, 0x2c328000, 0x2d3f4000)
 compacting perm gen  total 12288K, used 924K [0x33a40000, 0x34640000, 0x37a40000)
   the space 12288K,   7% used [0x33a40000, 0x33b271d0, 0x33b27200, 0x34640000)
    ro space 10240K,  44% used [0x37a40000, 0x37eb7e30, 0x37eb8000, 0x38440000)
    rw space 12288K,  52% used [0x38440000, 0x38a8eb58, 0x38a8ec00, 0x39040000)
}
Event: 3.642 GC heap before
{Heap before GC invocations=14 (full 3):
 def new generation   total 31616K, used 28440K [0x23a40000, 0x25c80000, 0x28f90000)
  eden space 28160K,  93% used [0x23a40000, 0x253e49d0, 0x255c0000)
  from space 3456K,  63% used [0x25920000, 0x25b41918, 0x25c80000)
  to   space 3456K,   0% used [0x255c0000, 0x255c0000, 0x25920000)
 tenured generation   total 70032K, used 52831K [0x28f90000, 0x2d3f4000, 0x33a40000)
   the space 70032K,  75% used [0x28f90000, 0x2c327e78, 0x2c328000, 0x2d3f4000)
 compacting perm gen  total 12288K, used 924K [0x33a40000, 0x34640000, 0x37a40000)
   the space 12288K,   7% used [0x33a40000, 0x33b271d0, 0x33b27200, 0x34640000)
    ro space 10240K,  44% used [0x37a40000, 0x37eb7e30, 0x37eb8000, 0x38440000)
    rw space 12288K,  52% used [0x38440000, 0x38a8eb58, 0x38a8ec00, 0x39040000)
Event: 3.654 GC heap after
Heap after GC invocations=15 (full 3):
 def new generation   total 31616K, used 2181K [0x23a40000, 0x25c80000, 0x28f90000)
  eden space 28160K,   0% used [0x23a40000, 0x23a40000, 0x255c0000)
  from space 3456K,  63% used [0x255c0000, 0x257e17c0, 0x25920000)
  to   space 3456K,   0% used [0x25920000, 0x25920000, 0x25c80000)
 tenured generation   total 70032K, used 65813K [0x28f90000, 0x2d3f4000, 0x33a40000)
   the space 70032K,  93% used [0x28f90000, 0x2cfd5798, 0x2cfd5800, 0x2d3f4000)
 compacting perm gen  total 12288K, used 924K [0x33a40000, 0x34640000, 0x37a40000)
   the space 12288K,   7% used [0x33a40000, 0x33b271d0, 0x33b27200, 0x34640000)
    ro space 10240K,  44% used [0x37a40000, 0x37eb7e30, 0x37eb8000, 0x38440000)
    rw space 12288K,  52% used [0x38440000, 0x38a8eb58, 0x38a8ec00, 0x39040000)
}
Event: 3.812 GC heap before
{Heap before GC invocations=15 (full 3):
 def new generation   total 31616K, used 28468K [0x23a40000, 0x25c80000, 0x28f90000)
  eden space 28160K,  93% used [0x23a40000, 0x253eba40, 0x255c0000)
  from space 3456K,  63% used [0x255c0000, 0x257e17c0, 0x25920000)
  to   space 3456K,   0% used [0x25920000, 0x25920000, 0x25c80000)
 tenured generation   total 70032K, used 65813K [0x28f90000, 0x2d3f4000, 0x33a40000)
   the space 70032K,  93% used [0x28f90000, 0x2cfd5798, 0x2cfd5800, 0x2d3f4000)
 compacting perm gen  total 12288K, used 924K [0x33a40000, 0x34640000, 0x37a40000)
   the space 12288K,   7% used [0x33a40000, 0x33b271d0, 0x33b27200, 0x34640000)
    ro space 10240K,  44% used [0x37a40000, 0x37eb7e30, 0x37eb8000, 0x38440000)
    rw space 12288K,  52% used [0x38440000, 0x38a8eb58, 0x38a8ec00, 0x39040000)
Event: 3.865 GC heap after
Heap after GC invocations=16 (full 4):
 def new generation   total 59136K, used 2164K [0x23a40000, 0x27a60000, 0x28f90000)
  eden space 52608K,   4% used [0x23a40000, 0x23c5d3c0, 0x26da0000)
  from space 6528K,   0% used [0x26da0000, 0x26da0000, 0x27400000)
  to   space 6528K,   0% used [0x27400000, 0x27400000, 0x27a60000)
 tenured generation   total 131260K, used 78753K [0x28f90000, 0x30fbf000, 0x33a40000)
   the space 131260K,  59% used [0x28f90000, 0x2dc78710, 0x2dc78800, 0x30fbf000)
 compacting perm gen  total 12288K, used 924K [0x33a40000, 0x34640000, 0x37a40000)
   the space 12288K,   7% used [0x33a40000, 0x33b27090, 0x33b27200, 0x34640000)
    ro space 10240K,  44% used [0x37a40000, 0x37eb7e30, 0x37eb8000, 0x38440000)
    rw space 12288K,  52% used [0x38440000, 0x38a8eb58, 0x38a8ec00, 0x39040000)
}
Event: 10.413 GC heap before
{Heap before GC invocations=16 (full 4):
 def new generation   total 59136K, used 52608K [0x23a40000, 0x27a60000, 0x28f90000)
  eden space 52608K, 100% used [0x23a40000, 0x26da0000, 0x26da0000)
  from space 6528K,   0% used [0x26da0000, 0x26da0000, 0x27400000)
  to   space 6528K,   0% used [0x27400000, 0x27400000, 0x27a60000)
 tenured generation   total 131260K, used 78753K [0x28f90000, 0x30fbf000, 0x33a40000)
   the space 131260K,  59% used [0x28f90000, 0x2dc78710, 0x2dc78800, 0x30fbf000)
 compacting perm gen  total 12288K, used 2021K [0x33a40000, 0x34640000, 0x37a40000)
   the space 12288K,  16% used [0x33a40000, 0x33c39528, 0x33c39600, 0x34640000)
    ro space 10240K,  44% used [0x37a40000, 0x37eb7e30, 0x37eb8000, 0x38440000)
    rw space 12288K,  52% used [0x38440000, 0x38a8eb58, 0x38a8ec00, 0x39040000)
Event: 10.440 GC heap after
Heap after GC invocations=17 (full 4):
 def new generation   total 59136K, used 6064K [0x23a40000, 0x27a60000, 0x28f90000)
  eden space 52608K,   0% used [0x23a40000, 0x23a40000, 0x26da0000)
  from space 6528K,  92% used [0x27400000, 0x279ec2b0, 0x27a60000)
  to   space 6528K,   0% used [0x26da0000, 0x26da0000, 0x27400000)
 tenured generation   total 131260K, used 93843K [0x28f90000, 0x30fbf000, 0x33a40000)
   the space 131260K,  71% used [0x28f90000, 0x2eb34e60, 0x2eb35000, 0x30fbf000)
 compacting perm gen  total 12288K, used 2021K [0x33a40000, 0x34640000, 0x37a40000)
   the space 12288K,  16% used [0x33a40000, 0x33c39528, 0x33c39600, 0x34640000)
    ro space 10240K,  44% used [0x37a40000, 0x37eb7e30, 0x37eb8000, 0x38440000)
    rw space 12288K,  52% used [0x38440000, 0x38a8eb58, 0x38a8ec00, 0x39040000)
}
Event: 11.154 GC heap before
{Heap before GC invocations=17 (full 4):
 def new generation   total 59136K, used 11269K [0x23a40000, 0x27a60000, 0x28f90000)
  eden space 52608K,   9% used [0x23a40000, 0x23f55530, 0x26da0000)
  from space 6528K,  92% used [0x27400000, 0x279ec2b0, 0x27a60000)
  to   space 6528K,   0% used [0x26da0000, 0x26da0000, 0x27400000)
 tenured generation   total 131260K, used 93843K [0x28f90000, 0x30fbf000, 0x33a40000)
   the space 131260K,  71% used [0x28f90000, 0x2eb34e60, 0x2eb35000, 0x30fbf000)
 compacting perm gen  total 12288K, used 2022K [0x33a40000, 0x34640000, 0x37a40000)
   the space 12288K,  16% used [0x33a40000, 0x33c39a60, 0x33c39c00, 0x34640000)
    ro space 10240K,  44% used [0x37a40000, 0x37eb7e30, 0x37eb8000, 0x38440000)
    rw space 12288K,  52% used [0x38440000, 0x38a8eb58, 0x38a8ec00, 0x39040000)
Event: 11.193 GC heap after
Heap after GC invocations=18 (full 5):
 def new generation   total 74816K, used 0K [0x23a40000, 0x28b60000, 0x28f90000)
  eden space 66560K,   0% used [0x23a40000, 0x23a40000, 0x27b40000)
  from space 8256K,   0% used [0x27b40000, 0x27b40000, 0x28350000)
  to   space 8256K,   0% used [0x28350000, 0x28350000, 0x28b60000)
 tenured generation   total 165916K, used 99547K [0x28f90000, 0x33197000, 0x33a40000)
   the space 165916K,  59% used [0x28f90000, 0x2f0c6ed8, 0x2f0c7000, 0x33197000)
 compacting perm gen  total 12288K, used 2022K [0x33a40000, 0x34640000, 0x37a40000)
   the space 12288K,  16% used [0x33a40000, 0x33c39a60, 0x33c39c00, 0x34640000)
    ro space 10240K,  44% used [0x37a40000, 0x37eb7e30, 0x37eb8000, 0x38440000)
    rw space 12288K,  52% used [0x38440000, 0x38a8eb58, 0x38a8ec00, 0x39040000)
}

Deoptimization events (0 events):
No events

Internal exceptions (10 events):
Event: 11.602 Thread 0x03f51400 Threw 0x23de50a8 at C:\re\jdk7u51\527\hotspot\src\share\vm\prims\jvm.cpp:1244
Event: 11.602 Thread 0x03f51400 Threw 0x23de59a8 at C:\re\jdk7u51\527\hotspot\src\share\vm\prims\jvm.cpp:1244
Event: 11.602 Thread 0x03f51400 Threw 0x23de66a8 at C:\re\jdk7u51\527\hotspot\src\share\vm\prims\jvm.cpp:1244
Event: 11.603 Thread 0x03f51400 Threw 0x23de71b8 at C:\re\jdk7u51\527\hotspot\src\share\vm\prims\jvm.cpp:1244
Event: 11.603 Thread 0x03f51400 Threw 0x23de7eb8 at C:\re\jdk7u51\527\hotspot\src\share\vm\prims\jvm.cpp:1244
Event: 11.603 Thread 0x03f51400 Threw 0x23de8bb0 at C:\re\jdk7u51\527\hotspot\src\share\vm\prims\jvm.cpp:1244
Event: 11.603 Thread 0x03f51400 Threw 0x23de9528 at C:\re\jdk7u51\527\hotspot\src\share\vm\prims\jvm.cpp:1244
Event: 11.603 Thread 0x03f51400 Threw 0x23dea2d8 at C:\re\jdk7u51\527\hotspot\src\share\vm\prims\jvm.cpp:1244
Event: 11.603 Thread 0x03f51400 Threw 0x23deae60 at C:\re\jdk7u51\527\hotspot\src\share\vm\prims\jvm.cpp:1244
Event: 11.603 Thread 0x03f51400 Threw 0x23debc10 at C:\re\jdk7u51\527\hotspot\src\share\vm\prims\jvm.cpp:1244

Events (10 events):
Event: 11.713 Thread 0x00a20000 Thread added: 0x00a20000
Event: 11.713 Executing VM operation: RevokeBias
Event: 11.713 Executing VM operation: RevokeBias done
Event: 11.713 Thread 0x00a20800 Thread exited: 0x00a20800
Event: 11.899 Thread 0x00a20800 Thread added: 0x00a20800
Event: 11.899 Executing VM operation: RevokeBias
Event: 11.899 Executing VM operation: RevokeBias done
Event: 11.899 Executing VM operation: RevokeBias
Event: 11.900 Executing VM operation: RevokeBias done
Event: 11.900 Thread 0x00a1fc00 Thread added: 0x00a1fc00


Dynamic libraries:
0x01080000 - 0x010af000 	C:\Program Files\Java\jdk1.7.0_51\bin\javaw.exe
0x77320000 - 0x7745c000 	C:\Windows\SYSTEM32\ntdll.dll
0x762e0000 - 0x763b4000 	C:\Windows\system32\kernel32.dll
0x755d0000 - 0x7561b000 	C:\Windows\system32\KERNELBASE.dll
0x76930000 - 0x769d0000 	C:\Windows\system32\ADVAPI32.dll
0x774a0000 - 0x7754c000 	C:\Windows\system32\msvcrt.dll
0x76450000 - 0x76469000 	C:\Windows\SYSTEM32\sechost.dll
0x76a60000 - 0x76b02000 	C:\Windows\system32\RPCRT4.dll
0x76e30000 - 0x76ef9000 	C:\Windows\system32\USER32.dll
0x76fb0000 - 0x76ffe000 	C:\Windows\system32\GDI32.dll
0x77470000 - 0x7747a000 	C:\Windows\system32\LPK.dll
0x76670000 - 0x7670d000 	C:\Windows\system32\USP10.dll
0x74230000 - 0x743ce000 	C:\Windows\WinSxS\x86_microsoft.windows.common-controls_6595b64144ccf1df_6.0.7601.17514_none_41e6975e2bd6f2b2\COMCTL32.dll
0x76a00000 - 0x76a57000 	C:\Windows\system32\SHLWAPI.dll
0x76610000 - 0x7662f000 	C:\Windows\system32\IMM32.DLL
0x76ce0000 - 0x76dac000 	C:\Windows\system32\MSCTF.dll
0x75300000 - 0x75329000 	C:\Windows\system32\nvinit.dll
0x70ca0000 - 0x70d5f000 	C:\Program Files\Java\jdk1.7.0_51\jre\bin\msvcr100.dll
0x69950000 - 0x69cd0000 	C:\Program Files\Java\jdk1.7.0_51\jre\bin\client\jvm.dll
0x73a50000 - 0x73a57000 	C:\Windows\system32\WSOCK32.dll
0x76630000 - 0x76665000 	C:\Windows\system32\WS2_32.dll
0x77480000 - 0x77486000 	C:\Windows\system32\NSI.dll
0x72410000 - 0x72442000 	C:\Windows\system32\WINMM.dll
0x77460000 - 0x77465000 	C:\Windows\system32\PSAPI.DLL
0x71430000 - 0x7143c000 	C:\Program Files\Java\jdk1.7.0_51\jre\bin\verify.dll
0x70c80000 - 0x70ca0000 	C:\Program Files\Java\jdk1.7.0_51\jre\bin\java.dll
0x70230000 - 0x70243000 	C:\Program Files\Java\jdk1.7.0_51\jre\bin\zip.dll
0x5a2e0000 - 0x5a423000 	C:\Program Files\Java\jdk1.7.0_51\jre\bin\awt.dll
0x763c0000 - 0x7644f000 	C:\Windows\system32\OLEAUT32.dll
0x77000000 - 0x7715c000 	C:\Windows\system32\ole32.dll
0x73ca0000 - 0x73cb3000 	C:\Windows\system32\DWMAPI.DLL
0x73fe0000 - 0x74020000 	C:\Windows\system32\uxtheme.dll
0x6d310000 - 0x6d37e000 	D:\Program Files\QvodPlayer\QvodWebBase\1.0.0.47\QvodWebBase.dll
0x75690000 - 0x762da000 	C:\Windows\system32\SHELL32.dll
0x76b10000 - 0x76cd4000 	C:\Windows\system32\WININET.dll
0x755c0000 - 0x755c4000 	C:\Windows\system32\api-ms-win-downlevel-user32-l1-1-0.dll
0x75640000 - 0x75644000 	C:\Windows\system32\api-ms-win-downlevel-shlwapi-l1-1-0.dll
0x755b0000 - 0x755b4000 	C:\Windows\system32\api-ms-win-downlevel-version-l1-1-0.dll
0x74870000 - 0x74879000 	C:\Windows\system32\version.DLL
0x75620000 - 0x75623000 	C:\Windows\system32\api-ms-win-downlevel-normaliz-l1-1-0.dll
0x77490000 - 0x77493000 	C:\Windows\system32\normaliz.DLL
0x76710000 - 0x76927000 	C:\Windows\system32\iertutil.dll
0x75650000 - 0x75655000 	C:\Windows\system32\api-ms-win-downlevel-advapi32-l1-1-0.dll
0x77160000 - 0x77284000 	C:\Windows\system32\urlmon.dll
0x75630000 - 0x75634000 	C:\Windows\system32\api-ms-win-downlevel-ole32-l1-1-0.dll
0x10000000 - 0x10075000 	e:\安全软件\duba\kingsoft antivirus\kwsui.dll
0x748f0000 - 0x748fd000 	C:\Windows\system32\WTSAPI32.dll
0x04640000 - 0x04793000 	c:\program files\kingsoft\ksafe\ksfmon.dll
0x00e20000 - 0x00e7a000 	D:\Program Files\kingsoft\kwifi\kwassist.dll
0x73e50000 - 0x73fe0000 	C:\Windows\WinSxS\x86_microsoft.windows.gdiplus_6595b64144ccf1df_1.1.7601.18120_none_72d2e82386681b36\gdiplus.dll
0x75280000 - 0x7528c000 	C:\Windows\system32\CRYPTBASE.dll
0x6a6f0000 - 0x6a6fe000 	D:\Users\wyc\AppData\Local\Youdao\Dict\6.1.51.3219\WordStrokeHelper32.dll
0x00f30000 - 0x00f8f000 	e:\安全软件\duba\kingsoft antivirus\lblocker.dll
0x61fc0000 - 0x61fe5000 	C:\Program Files\Java\jdk1.7.0_51\jre\bin\jpeg.dll
0x61ff0000 - 0x6201d000 	C:\Program Files\Java\jdk1.7.0_51\jre\bin\kcms.dll
0x00e80000 - 0x00e95000 	C:\Windows\System32\jmutil.dll
0x701c0000 - 0x701d4000 	C:\Program Files\Java\jdk1.7.0_51\jre\bin\net.dll
0x74d30000 - 0x74d6c000 	C:\Windows\system32\mswsock.dll
0x74d20000 - 0x74d26000 	C:\Windows\System32\wship6.dll
0x70c50000 - 0x70c5f000 	C:\Program Files\Java\jdk1.7.0_51\jre\bin\nio.dll
0x00ea0000 - 0x00ead000 	C:\Windows\System32\jmam.dll
0x77290000 - 0x77313000 	C:\Windows\system32\CLBCatQ.DLL
0x59d60000 - 0x59ed7000 	C:\Windows\system32\quartz.dll
0x691b0000 - 0x691c4000 	C:\Windows\system32\devenum.dll
0x63170000 - 0x631b2000 	C:\Windows\system32\DShowRdpFilter.dll
0x74ea0000 - 0x74ec9000 	C:\Windows\system32\WINSTA.dll
0x73950000 - 0x7395a000 	C:\Windows\system32\slc.dll
0x59c20000 - 0x59d56000 	D:\Program Files\新建文件夹\iQIYI\VSFilter.dll
0x76db0000 - 0x76e2b000 	C:\Windows\system32\COMDLG32.dll
0x70680000 - 0x706d1000 	C:\Windows\system32\WINSPOOL.DRV
0x61f40000 - 0x61f79000 	C:\Program Files\Java\jdk1.7.0_51\jre\bin\fontmanager.dll
0x626e0000 - 0x62764000 	C:\Users\wyc\新建文件夹\KKcapture\AviSplitter.ax
0x72d00000 - 0x72d3c000 	C:\Windows\system32\OLEACC.dll
0x5be90000 - 0x5bf0b000 	D:\Program Files\FreeTime\FormatFactory\FFModules\Filters\FLVSplitter.ax
0x5bde0000 - 0x5be88000 	D:\Program Files\FreeTime\FormatFactory\FFModules\Filters\MP4Splitter.ax
0x59b80000 - 0x59c16000 	D:\Program Files\FreeTime\FormatFactory\FFModules\Filters\MatroskaSplitter.ax
0x58e90000 - 0x5927d000 	D:\Program Files\FreeTime\FormatFactory\FFModules\Filters\ffdshow\ffdshow.ax
0x626b0000 - 0x626d5000 	C:\Windows\system32\DINPUT.dll
0x6f5d0000 - 0x6f793000 	C:\Windows\system32\d3d9.dll
0x6f5c0000 - 0x6f5c6000 	C:\Windows\system32\d3d8thk.dll
0x75210000 - 0x7522b000 	C:\Windows\system32\SspiCli.dll
0x06ac0000 - 0x07383000 	D:\Program Files\FreeTime\FormatFactory\FFModules\Filters\ffdshow\ffmpeg.dll
0x7eb90000 - 0x7ebb3000 	C:\Windows\system32\l3codecx.ax
0x701b0000 - 0x701bb000 	C:\Windows\system32\msdmo.dll
0x625f0000 - 0x62625000 	C:\Windows\system32\qasf.dll
0x68800000 - 0x68817000 	C:\Windows\System32\mp3dmod.dll
0x59a80000 - 0x59ad9000 	C:\Windows\system32\mfplat.DLL
0x744d0000 - 0x744d7000 	C:\Windows\system32\AVRT.dll
0x70160000 - 0x70174000 	C:\Windows\system32\MSACM32.DLL
0x68640000 - 0x68652000 	C:\Windows\System32\l3codeca.acm
0x59980000 - 0x59a71000 	C:\Windows\System32\msmpeg2adec.dll
0x61f90000 - 0x61fc0000 	C:\Program Files\Java\jdk1.7.0_51\jre\bin\t2k.dll
0x598b0000 - 0x59977000 	D:\Program Files\FreeTime\FormatFactory\FFModules\Filters\ac3filter.ax
0x74020000 - 0x74059000 	C:\Windows\system32\MMDevAPI.DLL
0x74110000 - 0x74205000 	C:\Windows\system32\PROPSYS.dll
0x70180000 - 0x701b0000 	C:\Windows\system32\wdmaud.drv
0x70c30000 - 0x70c34000 	C:\Windows\system32\ksuser.dll
0x76470000 - 0x7660d000 	C:\Windows\system32\SETUPAPI.dll
0x75660000 - 0x75687000 	C:\Windows\system32\CFGMGR32.dll
0x753b0000 - 0x753c2000 	C:\Windows\system32\DEVOBJ.dll
0x6ce80000 - 0x6ceb6000 	C:\Windows\system32\AUDIOSES.DLL
0x70c20000 - 0x70c28000 	C:\Windows\system32\msacm32.drv
0x70150000 - 0x70157000 	C:\Windows\system32\midimap.dll
0x713b0000 - 0x71422000 	C:\Windows\system32\DSOUND.DLL
0x74060000 - 0x74085000 	C:\Windows\system32\POWRPROF.dll
0x6a220000 - 0x6a30b000 	C:\Windows\system32\dbghelp.dll

VM Arguments:
jvm_args: -Dfile.encoding=GBK 
java_command: src.org.game.test.Test
Launcher Type: SUN_STANDARD

Environment Variables:
JAVA_HOME=C:\Program Files\Java\jdk1.7.0_51
CLASSPATH=.;.;C:\PROGRA~1\JMF21~1.1E\lib\sound.jar;C:\PROGRA~1\JMF21~1.1E\lib\jmf.jar;C:\PROGRA~1\JMF21~1.1E\lib;
PATH=C:\Program Files\Java\jdk1.7.0_51\bin;C:\Program Files\JMF2.1.1e\bin;C:\MinGW\bin;.;;.;;.;
USERNAME=wyc
OS=Windows_NT
PROCESSOR_IDENTIFIER=x86 Family 6 Model 58 Stepping 9, GenuineIntel



---------------  S Y S T E M  ---------------

OS: Windows 7 Build 7601 Service Pack 1

CPU:total 4 (2 cores per cpu, 2 threads per core) family 6 model 58 stepping 9, cmov, cx8, fxsr, mmx, sse, sse2, sse3, ssse3, sse4.1, sse4.2, popcnt, avx, aes, erms, ht, tsc, tscinvbit, tscinv

Memory: 4k page, physical 3302300k(804640k free), swap 6602848k(2932316k free)

vm_info: Java HotSpot(TM) Client VM (24.51-b03) for windows-x86 JRE (1.7.0_51-b13), built on Dec 18 2013 19:09:58 by "java_re" with unknown MS VC++:1600

time: Fri May 23 09:49:09 2014
elapsed time: 11 seconds

